INFO - 2023-03-21 01:41:16 --> Session: Class initialized using 'CodeIgniter\Session\Handlers\FileHandler' driver.
INFO - 2023-03-21 01:41:18 --> Session: Class initialized using 'CodeIgniter\Session\Handlers\FileHandler' driver.
INFO - 2023-03-21 01:41:25 --> Session: Class initialized using 'CodeIgniter\Session\Handlers\FileHandler' driver.
INFO - 2023-03-21 01:41:25 --> Token access key: HjV3Bldw
INFO - 2023-03-21 01:41:26 --> Session: Class initialized using 'CodeIgniter\Session\Handlers\FileHandler' driver.
INFO - 2023-03-21 01:43:36 --> Session: Class initialized using 'CodeIgniter\Session\Handlers\FileHandler' driver.
INFO - 2023-03-21 01:43:39 --> Session: Class initialized using 'CodeIgniter\Session\Handlers\FileHandler' driver.
INFO - 2023-03-21 01:43:39 --> Token access key: 17aZn6aY
INFO - 2023-03-21 01:43:59 --> Session: Class initialized using 'CodeIgniter\Session\Handlers\FileHandler' driver.
INFO - 2023-03-21 01:43:59 --> Token access key: ihnq3eMM
INFO - 2023-03-21 01:44:01 --> Session: Class initialized using 'CodeIgniter\Session\Handlers\FileHandler' driver.
INFO - 2023-03-21 01:44:09 --> Session: Class initialized using 'CodeIgniter\Session\Handlers\FileHandler' driver.
INFO - 2023-03-21 01:44:10 --> Session: Class initialized using 'CodeIgniter\Session\Handlers\FileHandler' driver.
INFO - 2023-03-21 01:44:13 --> Session: Class initialized using 'CodeIgniter\Session\Handlers\FileHandler' driver.
INFO - 2023-03-21 01:44:13 --> Token access key: CuluUPPH
INFO - 2023-03-21 01:44:14 --> Session: Class initialized using 'CodeIgniter\Session\Handlers\FileHandler' driver.
INFO - 2023-03-21 01:44:19 --> Session: Class initialized using 'CodeIgniter\Session\Handlers\FileHandler' driver.
INFO - 2023-03-21 01:47:27 --> Session: Class initialized using 'CodeIgniter\Session\Handlers\FileHandler' driver.
INFO - 2023-03-21 01:47:41 --> Session: Class initialized using 'CodeIgniter\Session\Handlers\FileHandler' driver.
INFO - 2023-03-21 01:49:27 --> Session: Class initialized using 'CodeIgniter\Session\Handlers\FileHandler' driver.
INFO - 2023-03-21 01:50:30 --> Session: Class initialized using 'CodeIgniter\Session\Handlers\FileHandler' driver.
INFO - 2023-03-21 01:50:32 --> Session: Class initialized using 'CodeIgniter\Session\Handlers\FileHandler' driver.
INFO - 2023-03-21 01:50:34 --> Session: Class initialized using 'CodeIgniter\Session\Handlers\FileHandler' driver.
INFO - 2023-03-21 01:50:40 --> Session: Class initialized using 'CodeIgniter\Session\Handlers\FileHandler' driver.
INFO - 2023-03-21 01:50:41 --> Session: Class initialized using 'CodeIgniter\Session\Handlers\FileHandler' driver.
INFO - 2023-03-21 01:50:45 --> Session: Class initialized using 'CodeIgniter\Session\Handlers\FileHandler' driver.
INFO - 2023-03-21 01:50:46 --> Session: Class initialized using 'CodeIgniter\Session\Handlers\FileHandler' driver.
INFO - 2023-03-21 01:50:53 --> Session: Class initialized using 'CodeIgniter\Session\Handlers\FileHandler' driver.
INFO - 2023-03-21 01:50:54 --> REDIRECTED ROUTE at api/publish
INFO - 2023-03-21 01:50:54 --> REDIRECTED ROUTE at api/publish
INFO - 2023-03-21 01:50:54 --> REDIRECTED ROUTE at api/publish
INFO - 2023-03-21 01:50:54 --> REDIRECTED ROUTE at api/publish
INFO - 2023-03-21 01:50:54 --> REDIRECTED ROUTE at api/publish
INFO - 2023-03-21 01:50:54 --> Session: Class initialized using 'CodeIgniter\Session\Handlers\FileHandler' driver.
INFO - 2023-03-21 01:50:55 --> REDIRECTED ROUTE at api/publish
INFO - 2023-03-21 01:50:55 --> REDIRECTED ROUTE at api/publish
INFO - 2023-03-21 01:50:55 --> Session: Class initialized using 'CodeIgniter\Session\Handlers\FileHandler' driver.
INFO - 2023-03-21 01:51:36 --> Session: Class initialized using 'CodeIgniter\Session\Handlers\FileHandler' driver.
INFO - 2023-03-21 01:51:38 --> Session: Class initialized using 'CodeIgniter\Session\Handlers\FileHandler' driver.
INFO - 2023-03-21 01:51:39 --> Session: Class initialized using 'CodeIgniter\Session\Handlers\FileHandler' driver.
INFO - 2023-03-21 01:51:41 --> Session: Class initialized using 'CodeIgniter\Session\Handlers\FileHandler' driver.
INFO - 2023-03-21 01:51:48 --> Session: Class initialized using 'CodeIgniter\Session\Handlers\FileHandler' driver.
INFO - 2023-03-21 01:51:49 --> Session: Class initialized using 'CodeIgniter\Session\Handlers\FileHandler' driver.
INFO - 2023-03-21 01:52:27 --> Session: Class initialized using 'CodeIgniter\Session\Handlers\FileHandler' driver.
INFO - 2023-03-21 01:52:28 --> Session: Class initialized using 'CodeIgniter\Session\Handlers\FileHandler' driver.
INFO - 2023-03-21 01:52:29 --> Session: Class initialized using 'CodeIgniter\Session\Handlers\FileHandler' driver.
INFO - 2023-03-21 01:52:35 --> Session: Class initialized using 'CodeIgniter\Session\Handlers\FileHandler' driver.
INFO - 2023-03-21 01:53:18 --> Session: Class initialized using 'CodeIgniter\Session\Handlers\FileHandler' driver.
INFO - 2023-03-21 01:53:20 --> Session: Class initialized using 'CodeIgniter\Session\Handlers\FileHandler' driver.
INFO - 2023-03-21 01:53:21 --> Session: Class initialized using 'CodeIgniter\Session\Handlers\FileHandler' driver.
INFO - 2023-03-21 01:53:22 --> Session: Class initialized using 'CodeIgniter\Session\Handlers\FileHandler' driver.
INFO - 2023-03-21 01:53:23 --> Session: Class initialized using 'CodeIgniter\Session\Handlers\FileHandler' driver.
INFO - 2023-03-21 01:53:28 --> Session: Class initialized using 'CodeIgniter\Session\Handlers\FileHandler' driver.
INFO - 2023-03-21 01:53:30 --> Session: Class initialized using 'CodeIgniter\Session\Handlers\FileHandler' driver.
INFO - 2023-03-21 01:53:31 --> Session: Class initialized using 'CodeIgniter\Session\Handlers\FileHandler' driver.
INFO - 2023-03-21 01:53:34 --> Session: Class initialized using 'CodeIgniter\Session\Handlers\FileHandler' driver.
INFO - 2023-03-21 01:53:35 --> Session: Class initialized using 'CodeIgniter\Session\Handlers\FileHandler' driver.
INFO - 2023-03-21 01:53:41 --> Session: Class initialized using 'CodeIgniter\Session\Handlers\FileHandler' driver.
INFO - 2023-03-21 01:53:42 --> Session: Class initialized using 'CodeIgniter\Session\Handlers\FileHandler' driver.
INFO - 2023-03-21 01:53:44 --> Session: Class initialized using 'CodeIgniter\Session\Handlers\FileHandler' driver.
INFO - 2023-03-21 01:53:45 --> Session: Class initialized using 'CodeIgniter\Session\Handlers\FileHandler' driver.
INFO - 2023-03-21 01:53:46 --> Session: Class initialized using 'CodeIgniter\Session\Handlers\FileHandler' driver.
INFO - 2023-03-21 01:53:55 --> Session: Class initialized using 'CodeIgniter\Session\Handlers\FileHandler' driver.
INFO - 2023-03-21 01:53:57 --> Session: Class initialized using 'CodeIgniter\Session\Handlers\FileHandler' driver.
INFO - 2023-03-21 01:53:58 --> Session: Class initialized using 'CodeIgniter\Session\Handlers\FileHandler' driver.
INFO - 2023-03-21 01:53:59 --> Session: Class initialized using 'CodeIgniter\Session\Handlers\FileHandler' driver.
INFO - 2023-03-21 01:54:00 --> Session: Class initialized using 'CodeIgniter\Session\Handlers\FileHandler' driver.
INFO - 2023-03-21 01:54:19 --> Session: Class initialized using 'CodeIgniter\Session\Handlers\FileHandler' driver.
INFO - 2023-03-21 01:54:37 --> Session: Class initialized using 'CodeIgniter\Session\Handlers\FileHandler' driver.
INFO - 2023-03-21 01:54:43 --> Session: Class initialized using 'CodeIgniter\Session\Handlers\FileHandler' driver.
INFO - 2023-03-21 01:54:44 --> Session: Class initialized using 'CodeIgniter\Session\Handlers\FileHandler' driver.
INFO - 2023-03-21 01:55:24 --> Session: Class initialized using 'CodeIgniter\Session\Handlers\FileHandler' driver.
INFO - 2023-03-21 01:55:54 --> Session: Class initialized using 'CodeIgniter\Session\Handlers\FileHandler' driver.
INFO - 2023-03-21 01:57:38 --> Session: Class initialized using 'CodeIgniter\Session\Handlers\FileHandler' driver.
INFO - 2023-03-21 01:58:07 --> Session: Class initialized using 'CodeIgniter\Session\Handlers\FileHandler' driver.
INFO - 2023-03-21 01:59:30 --> Session: Class initialized using 'CodeIgniter\Session\Handlers\FileHandler' driver.
INFO - 2023-03-21 02:02:45 --> Session: Class initialized using 'CodeIgniter\Session\Handlers\FileHandler' driver.
INFO - 2023-03-21 02:02:51 --> Session: Class initialized using 'CodeIgniter\Session\Handlers\FileHandler' driver.
INFO - 2023-03-21 02:03:08 --> Session: Class initialized using 'CodeIgniter\Session\Handlers\FileHandler' driver.
INFO - 2023-03-21 02:03:50 --> Session: Class initialized using 'CodeIgniter\Session\Handlers\FileHandler' driver.
INFO - 2023-03-21 02:04:23 --> Session: Class initialized using 'CodeIgniter\Session\Handlers\FileHandler' driver.
INFO - 2023-03-21 02:05:18 --> Session: Class initialized using 'CodeIgniter\Session\Handlers\FileHandler' driver.
INFO - 2023-03-21 02:05:24 --> Session: Class initialized using 'CodeIgniter\Session\Handlers\FileHandler' driver.
INFO - 2023-03-21 02:06:06 --> Session: Class initialized using 'CodeIgniter\Session\Handlers\FileHandler' driver.
INFO - 2023-03-21 02:08:17 --> Session: Class initialized using 'CodeIgniter\Session\Handlers\FileHandler' driver.
INFO - 2023-03-21 03:17:20 --> Session: Class initialized using 'CodeIgniter\Session\Handlers\FileHandler' driver.
INFO - 2023-03-21 03:17:25 --> Session: Class initialized using 'CodeIgniter\Session\Handlers\FileHandler' driver.
INFO - 2023-03-21 03:17:26 --> Session: Class initialized using 'CodeIgniter\Session\Handlers\FileHandler' driver.
INFO - 2023-03-21 03:17:30 --> Session: Class initialized using 'CodeIgniter\Session\Handlers\FileHandler' driver.
INFO - 2023-03-21 03:17:33 --> Session: Class initialized using 'CodeIgniter\Session\Handlers\FileHandler' driver.
INFO - 2023-03-21 03:17:33 --> REDIRECTED ROUTE at api/publish
INFO - 2023-03-21 03:17:33 --> REDIRECTED ROUTE at api/publish
INFO - 2023-03-21 03:17:34 --> REDIRECTED ROUTE at api/publish
INFO - 2023-03-21 03:17:34 --> REDIRECTED ROUTE at api/publish
INFO - 2023-03-21 03:17:34 --> REDIRECTED ROUTE at api/publish
INFO - 2023-03-21 03:17:35 --> REDIRECTED ROUTE at api/publish
INFO - 2023-03-21 03:17:35 --> REDIRECTED ROUTE at api/publish
INFO - 2023-03-21 03:17:39 --> Session: Class initialized using 'CodeIgniter\Session\Handlers\FileHandler' driver.
INFO - 2023-03-21 03:17:42 --> Session: Class initialized using 'CodeIgniter\Session\Handlers\FileHandler' driver.
INFO - 2023-03-21 03:17:42 --> REDIRECTED ROUTE at api/publish
INFO - 2023-03-21 03:17:42 --> REDIRECTED ROUTE at api/publish
INFO - 2023-03-21 03:17:43 --> REDIRECTED ROUTE at api/publish
INFO - 2023-03-21 03:17:43 --> REDIRECTED ROUTE at api/publish
INFO - 2023-03-21 03:17:43 --> REDIRECTED ROUTE at api/publish
INFO - 2023-03-21 03:17:44 --> REDIRECTED ROUTE at api/publish
INFO - 2023-03-21 03:17:44 --> REDIRECTED ROUTE at api/publish
INFO - 2023-03-21 03:17:47 --> Session: Class initialized using 'CodeIgniter\Session\Handlers\FileHandler' driver.
INFO - 2023-03-21 03:17:52 --> Session: Class initialized using 'CodeIgniter\Session\Handlers\FileHandler' driver.
INFO - 2023-03-21 03:17:53 --> REDIRECTED ROUTE at api/publish
INFO - 2023-03-21 03:17:53 --> REDIRECTED ROUTE at api/publish
INFO - 2023-03-21 03:17:53 --> REDIRECTED ROUTE at api/publish
INFO - 2023-03-21 03:17:53 --> REDIRECTED ROUTE at api/publish
INFO - 2023-03-21 03:17:54 --> REDIRECTED ROUTE at api/publish
INFO - 2023-03-21 03:17:54 --> REDIRECTED ROUTE at api/publish
INFO - 2023-03-21 03:17:54 --> REDIRECTED ROUTE at api/publish
INFO - 2023-03-21 03:17:55 --> Session: Class initialized using 'CodeIgniter\Session\Handlers\FileHandler' driver.
INFO - 2023-03-21 03:18:40 --> Session: Class initialized using 'CodeIgniter\Session\Handlers\FileHandler' driver.
INFO - 2023-03-21 03:18:41 --> Session: Class initialized using 'CodeIgniter\Session\Handlers\FileHandler' driver.
INFO - 2023-03-21 03:18:43 --> Session: Class initialized using 'CodeIgniter\Session\Handlers\FileHandler' driver.
INFO - 2023-03-21 03:18:44 --> Session: Class initialized using 'CodeIgniter\Session\Handlers\FileHandler' driver.
INFO - 2023-03-21 03:18:50 --> Session: Class initialized using 'CodeIgniter\Session\Handlers\FileHandler' driver.
INFO - 2023-03-21 03:18:59 --> Session: Class initialized using 'CodeIgniter\Session\Handlers\FileHandler' driver.
INFO - 2023-03-21 03:19:17 --> Session: Class initialized using 'CodeIgniter\Session\Handlers\FileHandler' driver.
INFO - 2023-03-21 03:20:44 --> Session: Class initialized using 'CodeIgniter\Session\Handlers\FileHandler' driver.
INFO - 2023-03-21 03:21:18 --> Session: Class initialized using 'CodeIgniter\Session\Handlers\FileHandler' driver.
INFO - 2023-03-21 03:21:47 --> Session: Class initialized using 'CodeIgniter\Session\Handlers\FileHandler' driver.
INFO - 2023-03-21 03:22:15 --> Session: Class initialized using 'CodeIgniter\Session\Handlers\FileHandler' driver.
INFO - 2023-03-21 03:22:17 --> Session: Class initialized using 'CodeIgniter\Session\Handlers\FileHandler' driver.
INFO - 2023-03-21 03:22:19 --> Session: Class initialized using 'CodeIgniter\Session\Handlers\FileHandler' driver.
INFO - 2023-03-21 03:22:50 --> Session: Class initialized using 'CodeIgniter\Session\Handlers\FileHandler' driver.
INFO - 2023-03-21 03:22:50 --> response: 200
INFO - 2023-03-21 03:38:12 --> Session: Class initialized using 'CodeIgniter\Session\Handlers\FileHandler' driver.
INFO - 2023-03-21 03:38:12 --> Session: Class initialized using 'CodeIgniter\Session\Handlers\FileHandler' driver.
INFO - 2023-03-21 03:38:13 --> REDIRECTED ROUTE at api/publish
INFO - 2023-03-21 03:38:13 --> REDIRECTED ROUTE at api/publish
INFO - 2023-03-21 03:38:13 --> REDIRECTED ROUTE at api/publish
INFO - 2023-03-21 03:38:13 --> REDIRECTED ROUTE at api/publish
INFO - 2023-03-21 03:38:14 --> REDIRECTED ROUTE at api/publish
INFO - 2023-03-21 03:38:14 --> REDIRECTED ROUTE at api/publish
INFO - 2023-03-21 03:38:14 --> REDIRECTED ROUTE at api/publish
INFO - 2023-03-21 03:52:20 --> Session: Class initialized using 'CodeIgniter\Session\Handlers\FileHandler' driver.
INFO - 2023-03-21 03:52:20 --> REDIRECTED ROUTE at api/publish
INFO - 2023-03-21 03:52:20 --> REDIRECTED ROUTE at api/publish
INFO - 2023-03-21 03:52:21 --> REDIRECTED ROUTE at api/publish
INFO - 2023-03-21 03:52:21 --> REDIRECTED ROUTE at api/publish
INFO - 2023-03-21 03:52:21 --> REDIRECTED ROUTE at api/publish
INFO - 2023-03-21 03:52:21 --> REDIRECTED ROUTE at api/publish
INFO - 2023-03-21 03:52:22 --> Session: Class initialized using 'CodeIgniter\Session\Handlers\FileHandler' driver.
INFO - 2023-03-21 03:52:22 --> REDIRECTED ROUTE at api/publish
INFO - 2023-03-21 03:52:22 --> REDIRECTED ROUTE at api/publish
INFO - 2023-03-21 03:52:23 --> REDIRECTED ROUTE at api/publish
INFO - 2023-03-21 03:52:23 --> REDIRECTED ROUTE at api/publish
INFO - 2023-03-21 03:52:23 --> REDIRECTED ROUTE at api/publish
INFO - 2023-03-21 03:52:23 --> REDIRECTED ROUTE at api/publish
INFO - 2023-03-21 03:52:24 --> REDIRECTED ROUTE at api/publish
INFO - 2023-03-21 03:52:24 --> REDIRECTED ROUTE at api/publish
INFO - 2023-03-21 03:53:49 --> Session: Class initialized using 'CodeIgniter\Session\Handlers\FileHandler' driver.
INFO - 2023-03-21 03:53:49 --> REDIRECTED ROUTE at api/publish
INFO - 2023-03-21 03:53:50 --> REDIRECTED ROUTE at api/publish
INFO - 2023-03-21 03:53:50 --> REDIRECTED ROUTE at api/publish
INFO - 2023-03-21 03:53:50 --> REDIRECTED ROUTE at api/publish
INFO - 2023-03-21 03:53:50 --> REDIRECTED ROUTE at api/publish
INFO - 2023-03-21 03:53:51 --> REDIRECTED ROUTE at api/publish
INFO - 2023-03-21 03:53:51 --> REDIRECTED ROUTE at api/publish
INFO - 2023-03-21 03:53:53 --> Session: Class initialized using 'CodeIgniter\Session\Handlers\FileHandler' driver.
INFO - 2023-03-21 03:54:03 --> Session: Class initialized using 'CodeIgniter\Session\Handlers\FileHandler' driver.
INFO - 2023-03-21 03:54:05 --> Session: Class initialized using 'CodeIgniter\Session\Handlers\FileHandler' driver.
INFO - 2023-03-21 03:54:06 --> Session: Class initialized using 'CodeIgniter\Session\Handlers\FileHandler' driver.
INFO - 2023-03-21 03:54:08 --> Session: Class initialized using 'CodeIgniter\Session\Handlers\FileHandler' driver.
INFO - 2023-03-21 03:54:08 --> REDIRECTED ROUTE at api/publish
INFO - 2023-03-21 03:54:08 --> REDIRECTED ROUTE at api/publish
INFO - 2023-03-21 03:54:09 --> REDIRECTED ROUTE at api/publish
INFO - 2023-03-21 03:54:09 --> REDIRECTED ROUTE at api/publish
INFO - 2023-03-21 03:54:09 --> REDIRECTED ROUTE at api/publish
INFO - 2023-03-21 03:54:09 --> REDIRECTED ROUTE at api/publish
INFO - 2023-03-21 03:54:10 --> REDIRECTED ROUTE at api/publish
INFO - 2023-03-21 03:54:13 --> Session: Class initialized using 'CodeIgniter\Session\Handlers\FileHandler' driver.
INFO - 2023-03-21 03:55:20 --> Session: Class initialized using 'CodeIgniter\Session\Handlers\FileHandler' driver.
INFO - 2023-03-21 03:55:20 --> REDIRECTED ROUTE at api/publish
INFO - 2023-03-21 03:55:20 --> REDIRECTED ROUTE at api/publish
INFO - 2023-03-21 03:55:21 --> REDIRECTED ROUTE at api/publish
INFO - 2023-03-21 03:55:21 --> REDIRECTED ROUTE at api/publish
INFO - 2023-03-21 03:55:21 --> REDIRECTED ROUTE at api/publish
INFO - 2023-03-21 03:55:22 --> REDIRECTED ROUTE at api/publish
INFO - 2023-03-21 03:55:22 --> REDIRECTED ROUTE at api/publish
INFO - 2023-03-21 03:55:41 --> Session: Class initialized using 'CodeIgniter\Session\Handlers\FileHandler' driver.
INFO - 2023-03-21 03:55:42 --> Session: Class initialized using 'CodeIgniter\Session\Handlers\FileHandler' driver.
INFO - 2023-03-21 03:55:51 --> Session: Class initialized using 'CodeIgniter\Session\Handlers\FileHandler' driver.
INFO - 2023-03-21 03:55:53 --> Session: Class initialized using 'CodeIgniter\Session\Handlers\FileHandler' driver.
INFO - 2023-03-21 03:55:54 --> Session: Class initialized using 'CodeIgniter\Session\Handlers\FileHandler' driver.
INFO - 2023-03-21 03:55:57 --> Session: Class initialized using 'CodeIgniter\Session\Handlers\FileHandler' driver.
INFO - 2023-03-21 03:55:58 --> REDIRECTED ROUTE at api/publish
INFO - 2023-03-21 03:55:58 --> REDIRECTED ROUTE at api/publish
INFO - 2023-03-21 03:55:58 --> REDIRECTED ROUTE at api/publish
INFO - 2023-03-21 03:55:58 --> REDIRECTED ROUTE at api/publish
INFO - 2023-03-21 03:55:59 --> REDIRECTED ROUTE at api/publish
INFO - 2023-03-21 03:55:59 --> REDIRECTED ROUTE at api/publish
INFO - 2023-03-21 03:55:59 --> REDIRECTED ROUTE at api/publish
INFO - 2023-03-21 03:56:07 --> Session: Class initialized using 'CodeIgniter\Session\Handlers\FileHandler' driver.
INFO - 2023-03-21 03:56:11 --> response: 200
INFO - 2023-03-21 03:58:23 --> Session: Class initialized using 'CodeIgniter\Session\Handlers\FileHandler' driver.
INFO - 2023-03-21 03:58:24 --> REDIRECTED ROUTE at api/publish
INFO - 2023-03-21 03:58:24 --> REDIRECTED ROUTE at api/publish
INFO - 2023-03-21 03:58:24 --> REDIRECTED ROUTE at api/publish
INFO - 2023-03-21 03:58:25 --> REDIRECTED ROUTE at api/publish
INFO - 2023-03-21 03:58:25 --> REDIRECTED ROUTE at api/publish
INFO - 2023-03-21 03:58:25 --> REDIRECTED ROUTE at api/publish
INFO - 2023-03-21 03:58:26 --> REDIRECTED ROUTE at api/publish
INFO - 2023-03-21 03:58:44 --> Session: Class initialized using 'CodeIgniter\Session\Handlers\FileHandler' driver.
INFO - 2023-03-21 03:58:49 --> response: 200
INFO - 2023-03-21 03:59:11 --> Session: Class initialized using 'CodeIgniter\Session\Handlers\FileHandler' driver.
INFO - 2023-03-21 03:59:12 --> REDIRECTED ROUTE at api/publish
INFO - 2023-03-21 03:59:12 --> REDIRECTED ROUTE at api/publish
INFO - 2023-03-21 03:59:12 --> REDIRECTED ROUTE at api/publish
INFO - 2023-03-21 03:59:13 --> REDIRECTED ROUTE at api/publish
INFO - 2023-03-21 03:59:13 --> REDIRECTED ROUTE at api/publish
INFO - 2023-03-21 03:59:13 --> REDIRECTED ROUTE at api/publish
INFO - 2023-03-21 03:59:14 --> REDIRECTED ROUTE at api/publish
INFO - 2023-03-21 03:59:36 --> Session: Class initialized using 'CodeIgniter\Session\Handlers\FileHandler' driver.
INFO - 2023-03-21 03:59:36 --> REDIRECTED ROUTE at api/publish
INFO - 2023-03-21 03:59:37 --> REDIRECTED ROUTE at api/publish
INFO - 2023-03-21 03:59:37 --> REDIRECTED ROUTE at api/publish
INFO - 2023-03-21 03:59:37 --> REDIRECTED ROUTE at api/publish
INFO - 2023-03-21 03:59:38 --> REDIRECTED ROUTE at api/publish
INFO - 2023-03-21 03:59:38 --> REDIRECTED ROUTE at api/publish
INFO - 2023-03-21 03:59:38 --> REDIRECTED ROUTE at api/publish
INFO - 2023-03-21 03:59:56 --> Session: Class initialized using 'CodeIgniter\Session\Handlers\FileHandler' driver.
INFO - 2023-03-21 03:59:57 --> REDIRECTED ROUTE at api/publish
INFO - 2023-03-21 03:59:57 --> REDIRECTED ROUTE at api/publish
INFO - 2023-03-21 03:59:58 --> REDIRECTED ROUTE at api/publish
INFO - 2023-03-21 03:59:58 --> REDIRECTED ROUTE at api/publish
INFO - 2023-03-21 03:59:58 --> REDIRECTED ROUTE at api/publish
INFO - 2023-03-21 03:59:58 --> REDIRECTED ROUTE at api/publish
INFO - 2023-03-21 03:59:59 --> REDIRECTED ROUTE at api/publish
INFO - 2023-03-21 04:00:01 --> Session: Class initialized using 'CodeIgniter\Session\Handlers\FileHandler' driver.
INFO - 2023-03-21 04:00:01 --> REDIRECTED ROUTE at api/publish
INFO - 2023-03-21 04:00:01 --> REDIRECTED ROUTE at api/publish
INFO - 2023-03-21 04:00:02 --> REDIRECTED ROUTE at api/publish
INFO - 2023-03-21 04:00:02 --> REDIRECTED ROUTE at api/publish
INFO - 2023-03-21 04:00:02 --> REDIRECTED ROUTE at api/publish
INFO - 2023-03-21 04:00:03 --> REDIRECTED ROUTE at api/publish
INFO - 2023-03-21 04:00:03 --> REDIRECTED ROUTE at api/publish
INFO - 2023-03-21 04:01:36 --> Session: Class initialized using 'CodeIgniter\Session\Handlers\FileHandler' driver.
INFO - 2023-03-21 04:01:37 --> REDIRECTED ROUTE at api/publish
INFO - 2023-03-21 04:01:37 --> REDIRECTED ROUTE at api/publish
INFO - 2023-03-21 04:01:37 --> REDIRECTED ROUTE at api/publish
INFO - 2023-03-21 04:01:38 --> REDIRECTED ROUTE at api/publish
INFO - 2023-03-21 04:01:38 --> REDIRECTED ROUTE at api/publish
INFO - 2023-03-21 04:01:38 --> REDIRECTED ROUTE at api/publish
INFO - 2023-03-21 04:01:39 --> REDIRECTED ROUTE at api/publish
INFO - 2023-03-21 04:01:41 --> Session: Class initialized using 'CodeIgniter\Session\Handlers\FileHandler' driver.
INFO - 2023-03-21 04:01:42 --> REDIRECTED ROUTE at api/publish
INFO - 2023-03-21 04:01:42 --> REDIRECTED ROUTE at api/publish
INFO - 2023-03-21 04:01:42 --> REDIRECTED ROUTE at api/publish
INFO - 2023-03-21 04:01:42 --> REDIRECTED ROUTE at api/publish
INFO - 2023-03-21 04:01:43 --> REDIRECTED ROUTE at api/publish
INFO - 2023-03-21 04:01:43 --> REDIRECTED ROUTE at api/publish
INFO - 2023-03-21 04:01:43 --> REDIRECTED ROUTE at api/publish
INFO - 2023-03-21 04:02:36 --> Session: Class initialized using 'CodeIgniter\Session\Handlers\FileHandler' driver.
INFO - 2023-03-21 04:02:37 --> REDIRECTED ROUTE at api/publish
INFO - 2023-03-21 04:02:37 --> REDIRECTED ROUTE at api/publish
INFO - 2023-03-21 04:02:38 --> REDIRECTED ROUTE at api/publish
INFO - 2023-03-21 04:02:38 --> REDIRECTED ROUTE at api/publish
INFO - 2023-03-21 04:02:38 --> REDIRECTED ROUTE at api/publish
INFO - 2023-03-21 04:02:38 --> REDIRECTED ROUTE at api/publish
INFO - 2023-03-21 04:02:39 --> REDIRECTED ROUTE at api/publish
INFO - 2023-03-21 04:02:41 --> Session: Class initialized using 'CodeIgniter\Session\Handlers\FileHandler' driver.
INFO - 2023-03-21 04:02:41 --> REDIRECTED ROUTE at api/publish
INFO - 2023-03-21 04:02:41 --> REDIRECTED ROUTE at api/publish
INFO - 2023-03-21 04:02:42 --> REDIRECTED ROUTE at api/publish
INFO - 2023-03-21 04:02:42 --> REDIRECTED ROUTE at api/publish
INFO - 2023-03-21 04:02:42 --> REDIRECTED ROUTE at api/publish
INFO - 2023-03-21 04:02:43 --> REDIRECTED ROUTE at api/publish
INFO - 2023-03-21 04:02:43 --> REDIRECTED ROUTE at api/publish
